
 ===== 42928 PSLV-C39          
  [INFO] G2 BN floor estimate=   59.38 -> bn_lo=   29.69
  Z 1: exit= 1 pts=  7615 BN=   76.17
  Z 2: exit= 1 pts=  6216 BN=   65.64
  Z 3: exit= 1 pts=  5273 BN=   56.66
  Z 4: exit= 1 pts=  4167 BN=   60.51
  [WARN] Z 5: GA optimum at search boundary -- true value may lie outside the search range
  Z 5: exit= 1 pts=  3563 BN=   64.26
  Z 6: exit= 1 pts=  3436 BN=   60.25
  [WARN] Z 7: GA optimum at search boundary -- true value may lie outside the search range
  Z 7: exit= 1 pts=  2300 BN=   58.02
  [WARN] Z 8: GA optimum at search boundary -- true value may lie outside the search range
  Z 8: exit= 1 pts=  1744 BN=   53.46
  Z1: e=  0.2800 BN=  76.17 RPE=   55.20%  zstat= 0
  Z2: e=  0.2766 BN=  65.64 RPE=   29.85%  zstat= 0
  Z3: e=  0.2701 BN=  56.66 RPE=   14.93%  zstat= 0
  Z4: e=  0.2440 BN=  60.51 RPE=    6.38%  zstat= 0
  Z5: e=  0.2212 BN=  64.26 RPE=   10.29%  zstat= 2
  Z6: e=  0.2077 BN=  60.25 RPE=   18.96%  zstat= 0
  Z7: e=  0.1881 BN=  58.02 RPE=   -3.63%  zstat= 2
  Z8: e=  0.1574 BN=  53.46 RPE=    0.02%  zstat= 2
  ensemble (8 of 8 zones): mean JD=  2458604.992 std=   76.5 d
  ENSEMBLE RPE =    14.75%

 ===== 35497 Ariane 5 ESC-A    
  [INFO] G2 BN floor estimate=   47.00 -> bn_lo=   23.50
  Z 1: exit= 1 pts=  5498 BN=   71.35
  Z 2: exit= 1 pts=  6287 BN=   55.20
  Z 3: exit= 1 pts=  5937 BN=   56.14
  Z 4: exit= 1 pts=  4890 BN=   60.65
  [WARN] Z 5: GA optimum at search boundary -- true value may lie outside the search range
  Z 5: exit= 1 pts=  2036 BN=   64.64
  [WARN] Z 6: GA optimum at search boundary -- true value may lie outside the search range
  Z 6: exit= 1 pts=   448 BN=   70.87
  [WARN] Z 7: GA optimum at search boundary -- true value may lie outside the search range
  Z 7: exit= 1 pts=   321 BN=   80.45
  [WARN] Z 8: GA optimum at search boundary -- true value may lie outside the search range
  Z 8: exit= 1 pts=   300 BN=   92.77
  Z1: e=  0.5946 BN=  71.35 RPE=  253.53%  zstat= 0
  Z2: e=  0.5791 BN=  55.20 RPE=  361.41%  zstat= 0
  Z3: e=  0.5750 BN=  56.14 RPE=  350.17%  zstat= 0
  Z4: e=  0.5651 BN=  60.65 RPE=  308.56%  zstat= 0
  Z5: e=  0.5450 BN=  64.64 RPE=  105.27%  zstat= 2
  Z6: e=  0.5000 BN=  70.87 RPE=  -28.03%  zstat= 2
  Z7: e=  0.3821 BN=  80.45 RPE=  -13.44%  zstat= 2
  Z8: e=  0.3253 BN=  92.77 RPE=    6.15%  zstat= 2
  ensemble (8 of 8 zones): mean JD=  2457984.234 std=  294.4 d
  ENSEMBLE RPE =   123.67%

 ===== 37151 Long March 3B     
  [INFO] G2 BN floor estimate=   75.16 -> bn_lo=   37.58
  Z 1: exit= 0 pts=  5155 BN=   89.76
  [WARN] Z 2: GA optimum at search boundary -- true value may lie outside the search range
  Z 2: exit= 0 pts=  8278 BN=   61.91
  Z 3: exit= 0 pts=  8688 BN=   38.89
  Z 4: exit= 0 pts=  9266 BN=   32.16
  [WARN] Z 5: GA optimum at search boundary -- true value may lie outside the search range
  Z 5: exit= 0 pts=  9599 BN=   20.98
  Z 6: exit= 0 pts=  9702 BN=   22.19
  Z 7: exit= 0 pts=  9808 BN=   21.08
  [WARN] Z 8: RSM envelope does not bound   1 of  24 observations -- proceeding anyway
  [WARN] Z 8: GA optimum at search boundary -- true value may lie outside the search range
  Z 8: exit= 1 pts=  2736 BN=   24.51
  Z1: e=  0.6912 BN=  89.76 (no re-entry)  zstat= 0
  Z2: e=  0.5748 BN=  61.91 (no re-entry)  zstat= 2
  Z3: e=  0.5608 BN=  38.89 (no re-entry)  zstat= 0
  Z4: e=  0.5426 BN=  32.16 (no re-entry)  zstat= 0
  Z5: e=  0.5320 BN=  20.98 (no re-entry)  zstat= 2
  Z6: e=  0.5286 BN=  22.19 (no re-entry)  zstat= 0
  Z7: e=  0.5253 BN=  21.08 (no re-entry)  zstat= 0
  Z8: e=  0.5104 BN=  24.51 RPE=  -38.01%  zstat= 2
  ensemble (1 of 8 zones): mean JD=  2457158.906 std=    0.0 d
  ENSEMBLE RPE =   -11.97%

 ===== 39615 Proton-M Briz-M   
  [INFO] G2 BN floor estimate=   87.22 -> bn_lo=   43.61
  Z 1: exit= 1 pts=  1790 BN=   96.88
  Z 2: exit= 1 pts=  9298 BN=   80.27
  [WARN] Z 3: GA optimum at search boundary -- true value may lie outside the search range
  Z 3: exit= 0 pts= 11641 BN=   66.83
  [WARN] Z 4: GA optimum at search boundary -- true value may lie outside the search range
  Z 4: exit= 1 pts=  2972 BN=   46.79
  Z 5: exit= 1 pts=  3613 BN=   67.46
  [WARN] Z 6: GA optimum at search boundary -- true value may lie outside the search range
  Z 6: exit= 1 pts=  1898 BN=   51.19
  Z 7: exit= 1 pts=  1770 BN=   44.45
  Z 8: exit= 1 pts=  1868 BN=   36.34
  Z1: e=  0.5479 BN=  96.88 RPE=  -60.98%  zstat= 0
  Z2: e=  0.5267 BN=  80.27 RPE=   74.19%  zstat= 0
  Z3: e=  0.4694 BN=  66.83 (no re-entry)  zstat= 2
  Z4: e=  0.4425 BN=  46.79 RPE=  -20.95%  zstat= 2
  Z5: e=  0.3304 BN=  67.46 RPE=   62.34%  zstat= 0
  Z6: e=  0.3127 BN=  51.19 RPE=   -4.40%  zstat= 2
  Z7: e=  0.3024 BN=  44.45 RPE=   -5.70%  zstat= 0
  Z8: e=  0.2811 BN=  36.34 RPE=   11.58%  zstat= 0
  ensemble (7 of 8 zones): mean JD=  2458024.263 std=  234.5 d
  ENSEMBLE RPE =     2.13%

 ===== 27526 Ariane 5 R/B      
  [INFO] G2 BN floor estimate=   31.05 -> bn_lo=   15.53
  Z 1: exit= 0 pts=  8631 BN=   59.17
  [WARN] Z 2: GA optimum at search boundary -- true value may lie outside the search range
  Z 2: exit= 1 pts=  2402 BN=   29.91
  Z 3: exit= 0 pts= 10228 BN=   37.47
  Z 4: exit= 1 pts=  6245 BN=   33.33
  [WARN] Z 5: GA optimum at search boundary -- true value may lie outside the search range
  Z 5: exit= 1 pts=  2077 BN=   42.50
  Z 6: exit= 1 pts=  1704 BN=   42.06
  [WARN] Z 7: GA optimum at search boundary -- true value may lie outside the search range
  Z 7: exit= 1 pts=  1779 BN=   35.28
  Z 8: exit= 1 pts=  1846 BN=   40.32
  Z1: e=  0.5640 BN=  59.17 (no re-entry)  zstat= 0
  Z2: e=  0.5557 BN=  29.91 RPE=  -38.60%  zstat= 2
  Z3: e=  0.5116 BN=  37.47 (no re-entry)  zstat= 0
  Z4: e=  0.4947 BN=  33.33 RPE=  111.75%  zstat= 0
  Z5: e=  0.4173 BN=  42.50 RPE=    6.69%  zstat= 2
  Z6: e=  0.4079 BN=  42.06 RPE=   -7.11%  zstat= 0
  Z7: e=  0.3599 BN=  35.28 RPE=   19.18%  zstat= 2
  Z8: e=  0.3055 BN=  40.32 RPE=   63.38%  zstat= 0
  ensemble (6 of 8 zones): mean JD=  2456098.079 std=  188.2 d
  ENSEMBLE RPE =     7.21%

 ===== 32007 GSLV R/B          
  [INFO] G2 BN floor estimate=   41.98 -> bn_lo=   20.99
  Z 1: exit= 0 pts= 17931 BN=   61.07
  [WARN] Z 2: GA optimum at search boundary -- true value may lie outside the search range
  Z 2: exit= 1 pts=  9887 BN=   35.83
  Z 3: exit= 1 pts=  8713 BN=   47.64
  [WARN] Z 4: GA optimum at search boundary -- true value may lie outside the search range
  Z 4: exit= 1 pts=  6376 BN=   31.71
  Z 5: exit= 1 pts=  5074 BN=   36.97
  Z 6: exit= 1 pts=  3792 BN=   43.30
  [WARN] Z 7: GA optimum at search boundary -- true value may lie outside the search range
  Z 7: exit= 1 pts=  2978 BN=   38.17
  Z 8: exit= 1 pts=  1667 BN=   33.45
  Z1: e=  0.2880 BN=  61.07 (no re-entry)  zstat= 0
  Z2: e=  0.2539 BN=  35.83 RPE=    2.26%  zstat= 2
  Z3: e=  0.2513 BN=  47.64 RPE=   -6.88%  zstat= 0
  Z4: e=  0.2229 BN=  31.71 RPE=  -13.81%  zstat= 2
  Z5: e=  0.1820 BN=  36.97 RPE=    1.68%  zstat= 0
  Z6: e=  0.1413 BN=  43.30 RPE=   32.28%  zstat= 0
  Z7: e=  0.1382 BN=  38.17 RPE=    9.15%  zstat= 2
  Z8: e=  0.1094 BN=  33.45 RPE=    5.84%  zstat= 0
  ensemble (7 of 8 zones): mean JD=  2455350.833 std=   48.1 d
  ENSEMBLE RPE =    -0.27%

 ===== 37819 Proton-M R/B      
  [INFO] G2 BN floor estimate=   48.04 -> bn_lo=   24.02
  Z 1: exit= 1 pts=  2448 BN=   74.09
  Z 2: exit= 1 pts=  4120 BN=   62.29
  Z 3: exit= 1 pts=  2477 BN=   72.61
  [WARN] Z 4: GA optimum at search boundary -- true value may lie outside the search range
  Z 4: exit= 1 pts=  1896 BN=   64.83
  Z 5: exit= 1 pts=  1777 BN=   64.54
  [WARN] Z 6: GA optimum at search boundary -- true value may lie outside the search range
  Z 6: exit= 1 pts=  1638 BN=   70.51
  Z 7: exit= 1 pts=  1441 BN=   63.89
  [WARN] Z 8: GA optimum at search boundary -- true value may lie outside the search range
  Z 8: exit= 1 pts=  1296 BN=   68.19
  Z1: e=  0.4460 BN=  74.09 RPE=  -46.32%  zstat= 0
  Z2: e=  0.4090 BN=  62.29 RPE=    1.08%  zstat= 0
  Z3: e=  0.3421 BN=  72.61 RPE=  -14.44%  zstat= 0
  Z4: e=  0.3174 BN=  64.83 RPE=  -24.78%  zstat= 2
  Z5: e=  0.3105 BN=  64.54 RPE=  -26.85%  zstat= 0
  Z6: e=  0.2959 BN=  70.51 RPE=  -27.33%  zstat= 2
  Z7: e=  0.2678 BN=  63.89 RPE=  -26.90%  zstat= 0
  Z8: e=  0.2354 BN=  68.19 RPE=  -21.76%  zstat= 2
  ensemble (8 of 8 zones): mean JD=  2456483.263 std=   75.8 d
  ENSEMBLE RPE =   -12.13%

 campaign complete -> scratch_rpe/rpe_campaign.csv
