
 ===== 42928 PSLV-C39          
  [INFO] G2 BN floor estimate=   60.16 -> bn_lo=   30.08
  Z 1: exit= 1 pts=  8094 BN=   81.06
  Z 2: exit= 1 pts=  6323 BN=   75.60
  [WARN] Z 3: GA optimum at search boundary -- true value may lie outside the search range
  Z 3: exit= 1 pts=  5738 BN=   63.56
  Z 4: exit= 1 pts=  3491 BN=   58.02
  [WARN] Z 5: GA optimum at search boundary -- true value may lie outside the search range
  Z 5: exit= 1 pts=  4767 BN=   69.57
  [WARN] Z 6: GA optimum at search boundary -- true value may lie outside the search range
  Z 6: exit= 1 pts=  3345 BN=   55.93
  Z 7: exit= 1 pts=  1726 BN=   52.58
  Z 8: exit= 1 pts=  1176 BN=   48.41
  Z1: e=  0.2790 BN=  81.06 RPE=   65.98%  zstat= 0
  Z2: e=  0.2727 BN=  75.60 RPE=   35.50%  zstat= 0
  Z3: e=  0.2693 BN=  63.56 RPE=   25.57%  zstat= 2
  Z4: e=  0.2617 BN=  58.02 RPE=  -19.41%  zstat= 0
  Z5: e=  0.2358 BN=  69.57 RPE=   29.29%  zstat= 2
  Z6: e=  0.2120 BN=  55.93 RPE=   12.23%  zstat= 2
  Z7: e=  0.1640 BN=  52.58 RPE=   -6.27%  zstat= 0
  Z8: e=  0.1337 BN=  48.41 RPE=   -9.15%  zstat= 0
  ensemble (8 of 8 zones): mean JD=  2458610.754 std=  104.1 d
  ENSEMBLE RPE =    16.27%

 ===== 35497 Ariane 5 ESC-A    
  [INFO] G2 BN floor estimate=   48.72 -> bn_lo=   24.36
  Z 1: exit= 0 pts=  7602 BN=   72.15
  Z 2: exit= 1 pts=  5492 BN=   71.02
  Z 3: exit= 1 pts=  6291 BN=   55.23
  Z 4: exit= 1 pts=  5755 BN=   54.59
  [WARN] Z 5: GA optimum at search boundary -- true value may lie outside the search range
  Z 5: exit= 1 pts=  4943 BN=   61.16
  [WARN] Z 6: GA optimum at search boundary -- true value may lie outside the search range
  Z 6: exit= 1 pts=  2392 BN=   73.14
  [WARN] Z 7: GA optimum at search boundary -- true value may lie outside the search range
  Z 7: exit= 1 pts=   548 BN=   92.18
  Z 8: exit= 1 pts=   366 BN=   96.03
  Z1: e=  0.5990 BN=  72.15 (no re-entry)  zstat= 0
  Z2: e=  0.5945 BN=  71.02 RPE=  253.04%  zstat= 0
  Z3: e=  0.5791 BN=  55.23 RPE=  361.77%  zstat= 0
  Z4: e=  0.5751 BN=  54.59 RPE=  336.23%  zstat= 0
  Z5: e=  0.5651 BN=  61.16 RPE=  312.99%  zstat= 2
  Z6: e=  0.5446 BN=  73.14 RPE=  142.17%  zstat= 2
  Z7: e=  0.4960 BN=  92.18 RPE=  -12.37%  zstat= 2
  Z8: e=  0.3790 BN=  96.03 RPE=   -1.38%  zstat= 0
  ensemble (7 of 8 zones): mean JD=  2458031.382 std=  281.2 d
  ENSEMBLE RPE =   122.01%

 ===== 37151 Long March 3B     
  [INFO] G2 BN floor estimate=   36.48 -> bn_lo=   18.24
  Z 1: exit= 0 pts=  8274 BN=   58.98
  [WARN] Z 2: GA optimum at search boundary -- true value may lie outside the search range
  Z 2: exit= 0 pts=  9596 BN=   27.25
  Z 3: exit= 1 pts=  4032 BN=   68.87
  Z 4: exit= 0 pts= 10647 BN=   47.58
  [WARN] Z 5: GA optimum at search boundary -- true value may lie outside the search range
  Z 5: exit= 1 pts=  4012 BN=   33.93
  Z 6: exit= 1 pts=  3941 BN=   38.72
  Z 7: exit= 1 pts=  7200 BN=   38.68
  [WARN] Z 8: GA optimum at search boundary -- true value may lie outside the search range
  Z 8: exit= 1 pts=  1842 BN=   47.92
  Z1: e=  0.5750 BN=  58.98 (no re-entry)  zstat= 0
  Z2: e=  0.5321 BN=  27.25 (no re-entry)  zstat= 2
  Z3: e=  0.5093 BN=  68.87 RPE=   -3.12%  zstat= 0
  Z4: e=  0.4991 BN=  47.58 (no re-entry)  zstat= 0
  Z5: e=  0.4863 BN=  33.93 RPE=    4.83%  zstat= 2
  Z6: e=  0.4831 BN=  38.72 RPE=    6.81%  zstat= 0
  Z7: e=  0.4619 BN=  38.68 RPE=   96.84%  zstat= 0
  Z8: e=  0.3180 BN=  47.92 RPE=   10.04%  zstat= 2
  ensemble (5 of 8 zones): mean JD=  2457443.311 std=  160.9 d
  ENSEMBLE RPE =     8.18%

 ===== 39615 Proton-M Briz-M   
  [INFO] G2 BN floor estimate=   87.22 -> bn_lo=   43.61
  Z 1: exit= 1 pts=  1790 BN=   96.88
  Z 2: exit= 1 pts=  9298 BN=   80.27
  [WARN] Z 3: GA optimum at search boundary -- true value may lie outside the search range
  Z 3: exit= 0 pts= 11641 BN=   66.83
  [WARN] Z 4: GA optimum at search boundary -- true value may lie outside the search range
  Z 4: exit= 1 pts=  3525 BN=   65.84
  Z 5: exit= 1 pts=  3323 BN=   63.65
  [WARN] Z 6: GA optimum at search boundary -- true value may lie outside the search range
  Z 6: exit= 1 pts=  1968 BN=   52.89
  Z 7: exit= 1 pts=  1709 BN=   42.92
  [WARN] Z 8: GA optimum at search boundary -- true value may lie outside the search range
  Z 8: exit= 1 pts=  1820 BN=   35.47
  Z1: e=  0.5479 BN=  96.88 RPE=  -60.98%  zstat= 0
  Z2: e=  0.5267 BN=  80.27 RPE=   74.19%  zstat= 0
  Z3: e=  0.4694 BN=  66.83 (no re-entry)  zstat= 2
  Z4: e=  0.4419 BN=  65.84 RPE=   -4.82%  zstat= 2
  Z5: e=  0.3305 BN=  63.65 RPE=   49.52%  zstat= 0
  Z6: e=  0.3129 BN=  52.89 RPE=   -0.91%  zstat= 2
  Z7: e=  0.3024 BN=  42.92 RPE=   -8.92%  zstat= 0
  Z8: e=  0.2812 BN=  35.47 RPE=    8.73%  zstat= 2
  ensemble (7 of 8 zones): mean JD=  2458029.572 std=  229.9 d
  ENSEMBLE RPE =     3.02%

 ===== 27526 Ariane 5 R/B      
  [INFO] G2 BN floor estimate=   30.30 -> bn_lo=   15.15
  Z 1: exit= 0 pts=  8602 BN=   53.14
  Z 2: exit= 0 pts= 10225 BN=   42.20
  Z 3: exit= 1 pts=  8833 BN=   53.46
  Z 4: exit= 1 pts=  2024 BN=   49.14
  [WARN] Z 5: GA optimum at search boundary -- true value may lie outside the search range
  Z 5: exit= 1 pts=  1591 BN=   31.16
  Z 6: exit= 1 pts=  1416 BN=   33.56
  Z 7: exit= 1 pts=  1838 BN=   40.15
  Z 8: exit= 1 pts=   191 BN=   37.31
  Z1: e=  0.5649 BN=  53.14 (no re-entry)  zstat= 0
  Z2: e=  0.5117 BN=  42.20 (no re-entry)  zstat= 0
  Z3: e=  0.4950 BN=  53.46 RPE=  203.43%  zstat= 0
  Z4: e=  0.4078 BN=  49.14 RPE=    9.80%  zstat= 0
  Z5: e=  0.3605 BN=  31.16 RPE=    6.74%  zstat= 2
  Z6: e=  0.3478 BN=  33.56 RPE=    0.59%  zstat= 0
  Z7: e=  0.3055 BN=  40.15 RPE=   62.69%  zstat= 0
  Z8: e=  0.1192 BN=  37.31 RPE=    3.47%  zstat= 0
  ensemble (6 of 8 zones): mean JD=  2456184.162 std=  270.7 d
  ENSEMBLE RPE =    21.99%

 ===== 32007 GSLV R/B          
  [INFO] G2 BN floor estimate=   41.96 -> bn_lo=   20.98
  Z 1: exit= 0 pts= 17930 BN=   62.17
  Z 2: exit= 1 pts= 16797 BN=   54.24
  Z 3: exit= 1 pts=  8652 BN=   47.19
  [WARN] Z 4: GA optimum at search boundary -- true value may lie outside the search range
  Z 4: exit= 1 pts=  6305 BN=   31.36
  Z 5: exit= 1 pts=  5196 BN=   37.83
  Z 6: exit= 1 pts=  3675 BN=   41.95
  [WARN] Z 7: GA optimum at search boundary -- true value may lie outside the search range
  Z 7: exit= 1 pts=  2893 BN=   37.47
  Z 8: exit= 1 pts=  1684 BN=   33.79
  Z1: e=  0.2881 BN=  62.17 (no re-entry)  zstat= 0
  Z2: e=  0.2538 BN=  54.24 RPE=   72.92%  zstat= 0
  Z3: e=  0.2514 BN=  47.19 RPE=   -7.54%  zstat= 0
  Z4: e=  0.2229 BN=  31.36 RPE=  -14.76%  zstat= 2
  Z5: e=  0.1820 BN=  37.83 RPE=    4.11%  zstat= 0
  Z6: e=  0.1413 BN=  41.95 RPE=   28.19%  zstat= 0
  Z7: e=  0.1382 BN=  37.47 RPE=    6.20%  zstat= 2
  Z8: e=  0.1093 BN=  33.79 RPE=    6.88%  zstat= 0
  ensemble (7 of 8 zones): mean JD=  2455426.450 std=  220.4 d
  ENSEMBLE RPE =     7.49%

 ===== 37819 Proton-M R/B      
  [INFO] G2 BN floor estimate=   48.04 -> bn_lo=   24.02
  Z 1: exit= 1 pts=  2448 BN=   74.09
  Z 2: exit= 1 pts=  2476 BN=   72.58
  Z 3: exit= 1 pts=  1961 BN=   68.35
  Z 4: exit= 1 pts=  1644 BN=   70.88
  Z 5: exit= 1 pts=  1582 BN=   68.56
  Z 6: exit= 1 pts=  1540 BN=   69.07
  [WARN] Z 7: GA optimum at search boundary -- true value may lie outside the search range
  Z 7: exit= 1 pts=  1326 BN=   69.91
  Z 8: exit= 1 pts=  1256 BN=   69.48
  Z1: e=  0.4460 BN=  74.09 RPE=  -46.32%  zstat= 0
  Z2: e=  0.3422 BN=  72.58 RPE=  -14.45%  zstat= 0
  Z3: e=  0.3173 BN=  68.35 RPE=  -22.14%  zstat= 0
  Z4: e=  0.2959 BN=  70.88 RPE=  -27.05%  zstat= 0
  Z5: e=  0.2768 BN=  68.56 RPE=  -23.08%  zstat= 0
  Z6: e=  0.2664 BN=  69.07 RPE=  -21.53%  zstat= 0
  Z7: e=  0.2353 BN=  69.91 RPE=  -19.82%  zstat= 2
  Z8: e=  0.2239 BN=  69.48 RPE=  -18.55%  zstat= 0
  ensemble (8 of 8 zones): mean JD=  2456484.418 std=   74.3 d
  ENSEMBLE RPE =   -11.91%

 campaign complete -> scratch_rpe/rpe_campaign.csv
