
 ===== 42928 PSLV-C39          
  [INFO] G2 BN floor estimate=   59.38 -> bn_lo=   29.69
  Z 1: exit= 1 pts=  7615 BN=   76.17
  Z 2: exit= 1 pts=  6216 BN=   65.64
  Z 3: exit= 1 pts=  5273 BN=   56.66
  Z 4: exit= 1 pts=  4167 BN=   60.51
  [WARN] Z 5: GA optimum at search boundary -- true value may lie outside the search range
  Z 5: exit= 1 pts=  3563 BN=   64.26
  Z 6: exit= 1 pts=  3436 BN=   60.25
  [WARN] Z 7: GA optimum at search boundary -- true value may lie outside the search range
  Z 7: exit= 1 pts=  2300 BN=   58.02
  [WARN] Z 8: GA optimum at search boundary -- true value may lie outside the search range
  Z 8: exit= 1 pts=  1744 BN=   53.46
  Z1: e=  0.2800 BN=  76.17 RPE=   55.20%  zstat= 0
  Z2: e=  0.2766 BN=  65.64 RPE=   29.85%  zstat= 0
  Z3: e=  0.2701 BN=  56.66 RPE=   14.93%  zstat= 0
  Z4: e=  0.2440 BN=  60.51 RPE=    6.38%  zstat= 0
  Z5: e=  0.2212 BN=  64.26 RPE=   10.29%  zstat= 2
  Z6: e=  0.2077 BN=  60.25 RPE=   18.96%  zstat= 0
  Z7: e=  0.1881 BN=  58.02 RPE=   -3.63%  zstat= 2
  Z8: e=  0.1574 BN=  53.46 RPE=    0.02%  zstat= 2
  ensemble (8 of 8 zones): mean JD=  2458604.992 std=   76.5 d
  ENSEMBLE RPE =    14.75%

 ===== 35497 Ariane 5 ESC-A    
  [INFO] G2 BN floor estimate=   47.00 -> bn_lo=   23.50
  Z 1: exit= 1 pts=  5498 BN=   71.35
  Z 2: exit= 1 pts=  6287 BN=   55.20
  Z 3: exit= 1 pts=  5937 BN=   56.14
  Z 4: exit= 1 pts=  4890 BN=   60.65
  [WARN] Z 5: GA optimum at search boundary -- true value may lie outside the search range
  Z 5: exit= 1 pts=  2036 BN=   64.64
  [WARN] Z 6: GA optimum at search boundary -- true value may lie outside the search range
  Z 6: exit= 1 pts=   448 BN=   70.87
  [WARN] Z 7: GA optimum at search boundary -- true value may lie outside the search range
  Z 7: exit= 1 pts=   321 BN=   80.45
  [WARN] Z 8: GA optimum at search boundary -- true value may lie outside the search range
  Z 8: exit= 1 pts=   300 BN=   92.77
  Z1: e=  0.5946 BN=  71.35 RPE=  253.53%  zstat= 0
  Z2: e=  0.5791 BN=  55.20 RPE=  361.41%  zstat= 0
  Z3: e=  0.5750 BN=  56.14 RPE=  350.17%  zstat= 0
  Z4: e=  0.5651 BN=  60.65 RPE=  308.56%  zstat= 0
  Z5: e=  0.5450 BN=  64.64 RPE=  105.27%  zstat= 2
  Z6: e=  0.5000 BN=  70.87 RPE=  -28.03%  zstat= 2
  Z7: e=  0.3821 BN=  80.45 RPE=  -13.44%  zstat= 2
  Z8: e=  0.3253 BN=  92.77 RPE=    6.15%  zstat= 2
  ensemble (8 of 8 zones): mean JD=  2457984.234 std=  294.4 d
  ENSEMBLE RPE =   123.67%

 ===== 37151 Long March 3B     
  [INFO] G2 BN floor estimate=   75.16 -> bn_lo=   37.58
  Z 1: exit= 0 pts=  5155 BN=   89.76
  [WARN] Z 2: GA optimum at search boundary -- true value may lie outside the search range
  Z 2: exit= 0 pts=  8276 BN=   43.90
  [WARN] Z 3: GA optimum at search boundary -- true value may lie outside the search range
  Z 3: exit= 0 pts=  8694 BN=   46.68
  [WARN] Z 4: GA optimum at search boundary -- true value may lie outside the search range
  Z 4: exit= 0 pts=  9277 BN=   41.57
  [WARN] Z 5: GA optimum at search boundary -- true value may lie outside the search range
  Z 5: exit= 0 pts=  9622 BN=   38.10
  [WARN] Z 6: GA optimum at search boundary -- true value may lie outside the search range
  Z 6: exit= 0 pts=  9733 BN=   50.47
  [WARN] Z 7: GA optimum at search boundary -- true value may lie outside the search range
  Z 7: exit= 0 pts=  9833 BN=   47.06
  Z 8: exit= 1 pts=  3849 BN=   59.33
  Z1: e=  0.6912 BN=  89.76 (no re-entry)  zstat= 0
  Z2: e=  0.5749 BN=  43.90 (no re-entry)  zstat= 2
  Z3: e=  0.5606 BN=  46.68 (no re-entry)  zstat= 2
  Z4: e=  0.5422 BN=  41.57 (no re-entry)  zstat= 2
  Z5: e=  0.5312 BN=  38.10 (no re-entry)  zstat= 2
  Z6: e=  0.5276 BN=  50.47 (no re-entry)  zstat= 2
  Z7: e=  0.5245 BN=  47.06 (no re-entry)  zstat= 2
  Z8: e=  0.5091 BN=  59.33 RPE=   -8.14%  zstat= 0
  ensemble (1 of 8 zones): mean JD=  2457316.570 std=    0.0 d
  ENSEMBLE RPE =    -2.56%

 ===== 39615 Proton-M Briz-M   
  [INFO] G2 BN floor estimate=   87.22 -> bn_lo=   43.61
  Z 1: exit= 1 pts=  1790 BN=   96.88
  Z 2: exit= 1 pts=  9298 BN=   80.27
  [WARN] Z 3: GA optimum at search boundary -- true value may lie outside the search range
  Z 3: exit= 0 pts= 11641 BN=   66.83
  [WARN] Z 4: GA optimum at search boundary -- true value may lie outside the search range
  Z 4: exit= 1 pts=  3525 BN=   65.84
  Z 5: exit= 1 pts=  3323 BN=   63.65
  [WARN] Z 6: GA optimum at search boundary -- true value may lie outside the search range
  Z 6: exit= 1 pts=  1968 BN=   52.89
  Z 7: exit= 1 pts=  1709 BN=   42.92
  [WARN] Z 8: GA optimum at search boundary -- true value may lie outside the search range
  Z 8: exit= 1 pts=  1820 BN=   35.47
  Z1: e=  0.5479 BN=  96.88 RPE=  -60.98%  zstat= 0
  Z2: e=  0.5267 BN=  80.27 RPE=   74.19%  zstat= 0
  Z3: e=  0.4694 BN=  66.83 (no re-entry)  zstat= 2
  Z4: e=  0.4419 BN=  65.84 RPE=   -4.82%  zstat= 2
  Z5: e=  0.3305 BN=  63.65 RPE=   49.52%  zstat= 0
  Z6: e=  0.3129 BN=  52.89 RPE=   -0.91%  zstat= 2
  Z7: e=  0.3024 BN=  42.92 RPE=   -8.92%  zstat= 0
  Z8: e=  0.2812 BN=  35.47 RPE=    8.73%  zstat= 2
  ensemble (7 of 8 zones): mean JD=  2458029.572 std=  229.9 d
  ENSEMBLE RPE =     3.02%

 ===== 27526 Ariane 5 R/B      
  [INFO] G2 BN floor estimate=   31.05 -> bn_lo=   15.53
  Z 1: exit= 0 pts=  8631 BN=   59.17
  Z 2: exit= 1 pts=  2614 BN=   50.94
  Z 3: exit= 0 pts= 10227 BN=   32.88
  Z 4: exit= 1 pts=  7299 BN=   41.22
  Z 5: exit= 1 pts=  2082 BN=   42.57
  Z 6: exit= 1 pts=  1733 BN=   42.72
  [WARN] Z 7: GA optimum at search boundary -- true value may lie outside the search range
  Z 7: exit= 1 pts=  1925 BN=   38.39
  Z 8: exit= 1 pts=  1801 BN=   39.38
  Z1: e=  0.5640 BN=  59.17 (no re-entry)  zstat= 0
  Z2: e=  0.5556 BN=  50.94 RPE=  -29.74%  zstat= 0
  Z3: e=  0.5117 BN=  32.88 (no re-entry)  zstat= 0
  Z4: e=  0.4947 BN=  41.22 RPE=  149.35%  zstat= 0
  Z5: e=  0.4173 BN=  42.57 RPE=    6.92%  zstat= 0
  Z6: e=  0.4078 BN=  42.72 RPE=   -5.58%  zstat= 0
  Z7: e=  0.3595 BN=  38.39 RPE=   28.74%  zstat= 2
  Z8: e=  0.3055 BN=  39.38 RPE=   59.41%  zstat= 0
  ensemble (6 of 8 zones): mean JD=  2456129.076 std=  222.5 d
  ENSEMBLE RPE =    12.58%

 ===== 32007 GSLV R/B          
  [INFO] G2 BN floor estimate=   41.98 -> bn_lo=   20.99
  Z 1: exit= 0 pts= 17931 BN=   61.07
  Z 2: exit= 1 pts= 16800 BN=   54.25
  Z 3: exit= 1 pts=  8653 BN=   47.20
  [WARN] Z 4: GA optimum at search boundary -- true value may lie outside the search range
  Z 4: exit= 1 pts=  6307 BN=   31.37
  Z 5: exit= 1 pts=  4574 BN=   33.44
  Z 6: exit= 1 pts=  3469 BN=   39.60
  Z 7: exit= 1 pts=  3035 BN=   38.89
  Z 8: exit= 1 pts=  1848 BN=   37.23
  Z1: e=  0.2880 BN=  61.07 (no re-entry)  zstat= 0
  Z2: e=  0.2538 BN=  54.25 RPE=   72.95%  zstat= 0
  Z3: e=  0.2514 BN=  47.20 RPE=   -7.52%  zstat= 0
  Z4: e=  0.2229 BN=  31.37 RPE=  -14.74%  zstat= 2
  Z5: e=  0.1820 BN=  33.44 RPE=   -8.34%  zstat= 0
  Z6: e=  0.1413 BN=  39.60 RPE=   20.99%  zstat= 0
  Z7: e=  0.1382 BN=  38.89 RPE=   11.24%  zstat= 0
  Z8: e=  0.1091 BN=  37.23 RPE=   17.28%  zstat= 0
  ensemble (7 of 8 zones): mean JD=  2455420.867 std=  222.5 d
  ENSEMBLE RPE =     6.92%

 ===== 37819 Proton-M R/B      
  [INFO] G2 BN floor estimate=   48.04 -> bn_lo=   24.02
  Z 1: exit= 1 pts=  2448 BN=   74.09
  Z 2: exit= 1 pts=  4120 BN=   62.29
  Z 3: exit= 1 pts=  2477 BN=   72.61
  [WARN] Z 4: GA optimum at search boundary -- true value may lie outside the search range
  Z 4: exit= 1 pts=  1896 BN=   64.83
  Z 5: exit= 1 pts=  1777 BN=   64.54
  [WARN] Z 6: GA optimum at search boundary -- true value may lie outside the search range
  Z 6: exit= 1 pts=  1638 BN=   70.51
  Z 7: exit= 1 pts=  1441 BN=   63.89
  [WARN] Z 8: GA optimum at search boundary -- true value may lie outside the search range
  Z 8: exit= 1 pts=  1296 BN=   68.19
  Z1: e=  0.4460 BN=  74.09 RPE=  -46.32%  zstat= 0
  Z2: e=  0.4090 BN=  62.29 RPE=    1.08%  zstat= 0
  Z3: e=  0.3421 BN=  72.61 RPE=  -14.44%  zstat= 0
  Z4: e=  0.3174 BN=  64.83 RPE=  -24.78%  zstat= 2
  Z5: e=  0.3105 BN=  64.54 RPE=  -26.85%  zstat= 0
  Z6: e=  0.2959 BN=  70.51 RPE=  -27.33%  zstat= 2
  Z7: e=  0.2678 BN=  63.89 RPE=  -26.90%  zstat= 0
  Z8: e=  0.2354 BN=  68.19 RPE=  -21.76%  zstat= 2
  ensemble (8 of 8 zones): mean JD=  2456483.263 std=   75.8 d
  ENSEMBLE RPE =   -12.13%

 campaign complete -> scratch_rpe/rpe_campaign.csv
